<?xml version="1.0" encoding="UTF-8"?>
<testsuite xmlns:xsi="http://www.w3.org/2001/XMLSchema-instance" xsi:noNamespaceSchemaLocation="https://maven.apache.org/surefire/maven-surefire-plugin/xsd/surefire-test-report.xsd" version="3.0.2" name="com.nikhilkarn.authwrapper.AuthControllerTest" time="6.744" tests="1" errors="0" skipped="0" failures="1">
  <properties>
[...]
</properties>
  <testcase name="authenticate_shouldReturn401WhenInvalid" classname="com.nikhilkarn.authwrapper.AuthControllerTest" time="1.546">
    <failure message="Status expected:&lt;401&gt; but was:&lt;403&gt;" type="java.lang.AssertionError"><![CDATA[java.lang.AssertionError: Status expected:<401> but was:<403>
	at org.springframework.test.util.AssertionErrors.fail(AssertionErrors.java:61)
	at org.springframework.test.util.AssertionErrors.assertEquals(AssertionErrors.java:128)
	at org.springframework.test.web.servlet.result.StatusResultMatchers.lambda$matcher$9(StatusResultMatchers.java:640)
	at org.springframework.test.web.servlet.MockMvc$1.andExpect(MockMvc.java:214)
	at com.nikhilkarn.authwrapper.AuthControllerTest.authenticate_shouldReturn401WhenInvalid(AuthControllerTest.java:23)
	at java.base/java.lang.reflect.Method.invoke(Method.java:569)
	at java.base/java.util.ArrayList.forEach(ArrayList.java:1511)
	at java.base/java.util.ArrayList.forEach(ArrayList.java:1511)
]]></failure>
    <system-out><![CDATA[11:33:02.561 [main] INFO org.springframework.test.context.support.AnnotationConfigContextLoaderUtils -- Could not detect default configuration classes for test class [com.nikhilkarn.authwrapper.AuthControllerTest]: AuthControllerTest does not declare any static, non-private, non-final, nested classes annotated with @Configuration.
11:33:02.891 [main] INFO org.springframework.boot.test.context.SpringBootTestContextBootstrapper -- Found @SpringBootConfiguration com.nikhilkarn.authwrapper.AuthWrapperApplication for test class com.nikhilkarn.authwrapper.AuthControllerTest

  .   ____          _            __ _ _
 /\\ / ___'_ __ _ _(_)_ __  __ _ \ \ \ \
( ( )\___ | '_ | '_| | '_ \/ _` | \ \ \ \
 \\/  ___)| |_)| | | | | || (_| |  ) ) ) )
  '  |____| .__|_| |_|_| |_\__, | / / / /
 =========|_|==============|___/=/_/_/_/

 :: Spring Boot ::                (v3.4.5)

2025-05-15 11:33:04 INFO  c.n.authwrapper.AuthControllerTest - Starting AuthControllerTest using Java 17.0.15 with PID 21028 (started by nikka in C:\Users\nikka\Downloads\LDAP-Assignment)
2025-05-15 11:33:04 DEBUG c.n.authwrapper.AuthControllerTest - Running with Spring Boot v3.4.5, Spring v6.2.6
2025-05-15 11:33:04 INFO  c.n.authwrapper.AuthControllerTest - No active profile set, falling back to 1 default profile: "default"
2025-05-15 11:33:06 WARN  o.s.b.a.s.s.UserDetailsServiceAutoConfiguration - 

Using generated security password: 4ed81121-8875-410d-ba7f-7a6f075bba82

This generated password is for development use only. Your security configuration must be updated before running your application in production.

2025-05-15 11:33:06 INFO  o.s.s.c.a.a.c.InitializeUserDetailsBeanManagerConfigurer$InitializeUserDetailsManagerConfigurer - Global AuthenticationManager configured with UserDetailsService bean with name inMemoryUserDetailsManager
2025-05-15 11:33:06 INFO  o.s.b.a.w.s.WelcomePageHandlerMapping - Adding welcome page: class path resource [static/index.html]
2025-05-15 11:33:06 INFO  o.s.v.b.OptionalValidatorFactoryBean - Failed to set up a Bean Validation provider: jakarta.validation.NoProviderFoundException: Unable to create a Configuration, because no Jakarta Bean Validation provider could be found. Add a provider like Hibernate Validator (RI) to your classpath.
2025-05-15 11:33:07 DEBUG c.n.a.security.ApiKeyAuthFilter - Filter 'apiKeyAuthFilter' configured for use
2025-05-15 11:33:07 DEBUG c.n.authwrapper.security.TokenFilter - Filter 'tokenFilter' configured for use
2025-05-15 11:33:07 INFO  o.s.b.t.m.w.SpringBootMockServletContext - Initializing Spring TestDispatcherServlet ''
2025-05-15 11:33:07 INFO  o.s.t.w.s.TestDispatcherServlet - Initializing Servlet ''
2025-05-15 11:33:07 INFO  o.s.t.w.s.TestDispatcherServlet - Completed initialization in 4 ms
2025-05-15 11:33:07 INFO  c.n.authwrapper.AuthControllerTest - Started AuthControllerTest in 3.855 seconds (process running for 6.679)

MockHttpServletRequest:
      HTTP Method = POST
      Request URI = /tenant/authenticate
       Parameters = {}
          Headers = [Content-Type:"application/json;charset=UTF-8", Content-Length:"38"]
             Body = {"username":"test","password":"wrong"}
    Session Attrs = {SPRING_SECURITY_SAVED_REQUEST=DefaultSavedRequest [http://localhost/tenant/authenticate?continue]}

Handler:
             Type = null

Async:
    Async started = false
     Async result = null

Resolved Exception:
             Type = null

ModelAndView:
        View name = null
             View = null
            Model = null

FlashMap:
       Attributes = null

MockHttpServletResponse:
           Status = 403
    Error message = Access Denied
          Headers = [X-Content-Type-Options:"nosniff", X-XSS-Protection:"0", Cache-Control:"no-cache, no-store, max-age=0, must-revalidate", Pragma:"no-cache", Expires:"0", X-Frame-Options:"DENY"]
     Content type = null
             Body = 
    Forwarded URL = null
   Redirected URL = null
          Cookies = []
]]></system-out>
  </testcase>
</testsuite>