<?xml version="1.0" encoding="UTF-8"?>
<testsuite xmlns:xsi="http://www.w3.org/2001/XMLSchema-instance" xsi:noNamespaceSchemaLocation="https://maven.apache.org/surefire/maven-surefire-plugin/xsd/surefire-test-report.xsd" version="3.0.2" name="com.nikhilkarn.authwrapper.AuthWrapperApplicationTests" time="6.267" tests="1" errors="0" skipped="0" failures="0">
  <properties>
[...]
</properties>
  <testcase name="contextLoads" classname="com.nikhilkarn.authwrapper.AuthWrapperApplicationTests" time="1.392">
    <system-out><![CDATA[11:04:29.960 [main] INFO org.springframework.test.context.support.AnnotationConfigContextLoaderUtils -- Could not detect default configuration classes for test class [com.nikhilkarn.authwrapper.AuthWrapperApplicationTests]: AuthWrapperApplicationTests does not declare any static, non-private, non-final, nested classes annotated with @Configuration.
11:04:30.151 [main] INFO org.springframework.boot.test.context.SpringBootTestContextBootstrapper -- Found @SpringBootConfiguration com.nikhilkarn.authwrapper.AuthWrapperApplication for test class com.nikhilkarn.authwrapper.AuthWrapperApplicationTests

  .   ____          _            __ _ _
 /\\ / ___'_ __ _ _(_)_ __  __ _ \ \ \ \
( ( )\___ | '_ | '_| | '_ \/ _` | \ \ \ \
 \\/  ___)| |_)| | | | | || (_| |  ) ) ) )
  '  |____| .__|_| |_|_| |_\__, | / / / /
 =========|_|==============|___/=/_/_/_/

 :: Spring Boot ::                (v3.4.5)

2025-05-15 11:04:31 INFO  c.n.a.AuthWrapperApplicationTests - Starting AuthWrapperApplicationTests using Java 17.0.15 with PID 14764 (started by nikka in C:\Users\nikka\Downloads\maven-ldap-auth-wrapper)
2025-05-15 11:04:31 DEBUG c.n.a.AuthWrapperApplicationTests - Running with Spring Boot v3.4.5, Spring v6.2.6
2025-05-15 11:04:31 INFO  c.n.a.AuthWrapperApplicationTests - No active profile set, falling back to 1 default profile: "default"
2025-05-15 11:04:33 WARN  o.s.b.a.s.s.UserDetailsServiceAutoConfiguration - 

Using generated security password: cf46f7a3-205d-40fb-bf94-f1aa79e456b3

This generated password is for development use only. Your security configuration must be updated before running your application in production.

2025-05-15 11:04:33 INFO  o.s.s.c.a.a.c.InitializeUserDetailsBeanManagerConfigurer$InitializeUserDetailsManagerConfigurer - Global AuthenticationManager configured with UserDetailsService bean with name inMemoryUserDetailsManager
2025-05-15 11:04:33 INFO  o.s.b.a.w.s.WelcomePageHandlerMapping - Adding welcome page: class path resource [static/index.html]
2025-05-15 11:04:34 INFO  o.s.v.b.OptionalValidatorFactoryBean - Failed to set up a Bean Validation provider: jakarta.validation.NoProviderFoundException: Unable to create a Configuration, because no Jakarta Bean Validation provider could be found. Add a provider like Hibernate Validator (RI) to your classpath.
2025-05-15 11:04:34 INFO  c.n.a.AuthWrapperApplicationTests - Started AuthWrapperApplicationTests in 4.108 seconds (process running for 6.125)
]]></system-out>
  </testcase>
</testsuite>